auto_increment_increment(BIGINT UNSIGNED)       character_set_client(VARCHAR)   character_set_connection(VARCHAR)       character_set_results(VARCHAR)character_set_server(VARCHAR)    collation_server(VARCHAR)       collation_connection(VARCHAR)   init_connect(VARCHAR)   interactive_timeout(BIGINT UNSIGNED)  license(VARCHAR) lower_case_table_names(BIGINT UNSIGNED) max_allowed_packet(BIGINT UNSIGNED)     net_write_timeout(BIGINT UNSIGNED)      sql_mode(VARCHAR)     system_time_zone(VARCHAR)        time_zone(VARCHAR)      transaction_isolation(VARCHAR)  wait_timeout(BIGINT UNSIGNED)
        1       utf8    utf8    null    utf8    utf8_general_ci utf8_general_ci         28800   GPL     0       67108864        60      ONLY_FULL_GROUP_BY,STRICT_TRANS_TABLES,NO_ZERO_IN_DATE,NO_ZERO_DATE,ERROR_FOR_DIVISION_BY_ZERO,NO_ENGINE_SUBSTITUTION  UTC     SYSTEM  REPEATABLE-READ 28800

Default:
        @@SESSION.character_set_client(VARCHAR) @@SESSION.character_set_connection(VARCHAR)     @@SESSION.character_set_results(VARCHAR)
        utf8    utf8    null
        是(VARCHAR)
        是
        @@SESSION.character_set_client(VARCHAR) @@SESSION.character_set_connection(VARCHAR)     @@SESSION.character_set_results(VARCHAR)
        latin1  latin1  null
        ?(VARCHAR)
        ?
        @@SESSION.character_set_client(VARCHAR) @@SESSION.character_set_connection(VARCHAR)     @@SESSION.character_set_results(VARCHAR)
        latin1  latin1  null
        ?(VARCHAR)
        ?
        @@SESSION.character_set_client(VARCHAR) @@SESSION.character_set_connection(VARCHAR)     @@SESSION.character_set_results(VARCHAR)
        utf8    utf8    latin1
        ?(VARCHAR)
        ?
Output result as latin1:
        @@SESSION.character_set_client(VARCHAR) @@SESSION.character_set_connection(VARCHAR)     @@SESSION.character_set_results(VARCHAR)
        latin1  latin1  latin1
        ?(VARCHAR)
        ?
        @@SESSION.character_set_client(VARCHAR) @@SESSION.character_set_connection(VARCHAR)     @@SESSION.character_set_results(VARCHAR)
        utf8    utf8    utf8
        æ˜¯(VARCHAR)
        是
        @@SESSION.character_set_client(VARCHAR) @@SESSION.character_set_connection(VARCHAR)     @@SESSION.character_set_results(VARCHAR)
        latin1  latin1  latin1
        ?(VARCHAR)
        ?
        @@SESSION.character_set_client(VARCHAR) @@SESSION.character_set_connection(VARCHAR)     @@SESSION.character_set_results(VARCHAR)
        utf8    utf8    latin1
        ?(VARCHAR)
        ?
Output result as utf8:
        @@SESSION.character_set_client(VARCHAR) @@SESSION.character_set_connection(VARCHAR)     @@SESSION.character_set_results(VARCHAR)
        latin1  latin1  utf8
        ?(VARCHAR)
        ?
        @@SESSION.character_set_client(VARCHAR) @@SESSION.character_set_connection(VARCHAR)     @@SESSION.character_set_results(VARCHAR)
        utf8    utf8    utf8
        是(VARCHAR)
        是
        @@SESSION.character_set_client(VARCHAR) @@SESSION.character_set_connection(VARCHAR)     @@SESSION.character_set_results(VARCHAR)
        latin1  latin1  latin1
        ?(VARCHAR)
        ?
        @@SESSION.character_set_client(VARCHAR) @@SESSION.character_set_connection(VARCHAR)     @@SESSION.character_set_results(VARCHAR)
        utf8    utf8    utf8
        是(VARCHAR)
        是
Conclusion:
MySQL JDBC sends Login Request with "Charset: utf8 COLLATE utf8_general_ci" at MySQL Protocol::HandshakeResponse
connectionCollation has higher priority than characterEncoding when connectionCollation has a valid value.
[WARNING] thread Thread[Abandoned connection cleanup thread,5,huaminglin.demo.mysql.MySQLDemo] was interrupted but is still alive after waiting at least 15000msecs
[WARNING] thread Thread[Abandoned connection cleanup thread,5,huaminglin.demo.mysql.MySQLDemo] will linger despite being asked to die via interruption
[WARNING] NOTE: 1 thread(s) did not finish despite being asked to  via interruption. This is not a problem with exec:java, it is a problem with the running code. Although not serious, it should be remedied.
[WARNING] Couldn't destroy threadgroup org.codehaus.mojo.exec.ExecJavaMojo$IsolatedThreadGroup[name=huaminglin.demo.mysql.MySQLDemo,maxpri=10]
java.lang.IllegalThreadStateException
    at java.lang.ThreadGroup.destroy (ThreadGroup.java:778)
    at org.codehaus.mojo.exec.ExecJavaMojo.execute (ExecJavaMojo.java:321)
    at org.apache.maven.plugin.DefaultBuildPluginManager.executeMojo (DefaultBuildPluginManager.java:137)
    at org.apache.maven.lifecycle.internal.MojoExecutor.execute (MojoExecutor.java:208)
    at org.apache.maven.lifecycle.internal.MojoExecutor.execute (MojoExecutor.java:154)
    at org.apache.maven.lifecycle.internal.MojoExecutor.execute (MojoExecutor.java:146)
    at org.apache.maven.lifecycle.internal.LifecycleModuleBuilder.buildProject (LifecycleModuleBuilder.java:117)
    at org.apache.maven.lifecycle.internal.LifecycleModuleBuilder.buildProject (LifecycleModuleBuilder.java:81)
    at org.apache.maven.lifecycle.internal.builder.singlethreaded.SingleThreadedBuilder.build (SingleThreadedBuilder.java:56)
    at org.apache.maven.lifecycle.internal.LifecycleStarter.execute (LifecycleStarter.java:128)
    at org.apache.maven.DefaultMaven.doExecute (DefaultMaven.java:305)
    at org.apache.maven.DefaultMaven.doExecute (DefaultMaven.java:192)
    at org.apache.maven.DefaultMaven.execute (DefaultMaven.java:105)
    at org.apache.maven.cli.MavenCli.execute (MavenCli.java:954)
    at org.apache.maven.cli.MavenCli.doMain (MavenCli.java:288)
    at org.apache.maven.cli.MavenCli.main (MavenCli.java:192)
    at sun.reflect.NativeMethodAccessorImpl.invoke0 (Native Method)
    at sun.reflect.NativeMethodAccessorImpl.invoke (NativeMethodAccessorImpl.java:62)
    at sun.reflect.DelegatingMethodAccessorImpl.invoke (DelegatingMethodAccessorImpl.java:43)
    at java.lang.reflect.Method.invoke (Method.java:498)
    at org.codehaus.plexus.classworlds.launcher.Launcher.launchEnhanced (Launcher.java:289)
    at org.codehaus.plexus.classworlds.launcher.Launcher.launch (Launcher.java:229)
    at org.codehaus.plexus.classworlds.launcher.Launcher.mainWithExitCode (Launcher.java:415)
    at org.codehaus.plexus.classworlds.launcher.Launcher.main (Launcher.java:356)