SLF4J: Failed to load class "org.slf4j.impl.StaticLoggerBinder".
SLF4J: Defaulting to no-operation (NOP) logger implementation
SLF4J: See http://www.slf4j.org/codes.html#StaticLoggerBinder for further details.
[WARNING]
com.zaxxer.hikari.pool.HikariPool$PoolInitializationException: Failed to initialize pool: The connection attempt failed.
    at com.zaxxer.hikari.pool.HikariPool.throwPoolInitializationException (HikariPool.java:597)
    at com.zaxxer.hikari.pool.HikariPool.checkFailFast (HikariPool.java:576)
    at com.zaxxer.hikari.pool.HikariPool.<init> (HikariPool.java:115)
    at com.zaxxer.hikari.HikariDataSource.<init> (HikariDataSource.java:81)
    at huaminglin.demo.jdbc.hikari.HikariJdbcDemo.main (HikariJdbcDemo.java:16)
    at jdk.internal.reflect.NativeMethodAccessorImpl.invoke0 (Native Method)
    at jdk.internal.reflect.NativeMethodAccessorImpl.invoke (NativeMethodAccessorImpl.java:62)
    at jdk.internal.reflect.DelegatingMethodAccessorImpl.invoke (DelegatingMethodAccessorImpl.java:43)
    at java.lang.reflect.Method.invoke (Method.java:566)
    at org.codehaus.mojo.exec.ExecJavaMojo$1.run (ExecJavaMojo.java:282)
    at java.lang.Thread.run (Thread.java:834)
Caused by: org.postgresql.util.PSQLException: The connection attempt failed.
    at org.postgresql.core.v3.ConnectionFactoryImpl.openConnectionImpl (ConnectionFactoryImpl.java:292)
    at org.postgresql.core.ConnectionFactory.openConnection (ConnectionFactory.java:49)
    at org.postgresql.jdbc.PgConnection.<init> (PgConnection.java:211)
    at org.postgresql.Driver.makeConnection (Driver.java:458)
    at org.postgresql.Driver.connect (Driver.java:260)
    at com.zaxxer.hikari.util.DriverDataSource.getConnection (DriverDataSource.java:138)
    at com.zaxxer.hikari.pool.PoolBase.newConnection (PoolBase.java:353)
    at com.zaxxer.hikari.pool.PoolBase.newPoolEntry (PoolBase.java:201)
    at com.zaxxer.hikari.pool.HikariPool.createPoolEntry (HikariPool.java:473)
    at com.zaxxer.hikari.pool.HikariPool.checkFailFast (HikariPool.java:562)
    at com.zaxxer.hikari.pool.HikariPool.<init> (HikariPool.java:115)
    at com.zaxxer.hikari.HikariDataSource.<init> (HikariDataSource.java:81)
    at huaminglin.demo.jdbc.hikari.HikariJdbcDemo.main (HikariJdbcDemo.java:16)
    at jdk.internal.reflect.NativeMethodAccessorImpl.invoke0 (Native Method)
    at jdk.internal.reflect.NativeMethodAccessorImpl.invoke (NativeMethodAccessorImpl.java:62)
    at jdk.internal.reflect.DelegatingMethodAccessorImpl.invoke (DelegatingMethodAccessorImpl.java:43)
    at java.lang.reflect.Method.invoke (Method.java:566)
    at org.codehaus.mojo.exec.ExecJavaMojo$1.run (ExecJavaMojo.java:282)
    at java.lang.Thread.run (Thread.java:834)
Caused by: java.net.UnknownHostException: host
    at java.net.AbstractPlainSocketImpl.connect (AbstractPlainSocketImpl.java:220)
    at java.net.SocksSocketImpl.connect (SocksSocketImpl.java:403)
    at java.net.Socket.connect (Socket.java:609)
    at org.postgresql.core.PGStream.<init> (PGStream.java:75)
    at org.postgresql.core.v3.ConnectionFactoryImpl.tryConnect (ConnectionFactoryImpl.java:91)
    at org.postgresql.core.v3.ConnectionFactoryImpl.openConnectionImpl (ConnectionFactoryImpl.java:192)
    at org.postgresql.core.ConnectionFactory.openConnection (ConnectionFactory.java:49)
    at org.postgresql.jdbc.PgConnection.<init> (PgConnection.java:211)
    at org.postgresql.Driver.makeConnection (Driver.java:458)
    at org.postgresql.Driver.connect (Driver.java:260)
    at com.zaxxer.hikari.util.DriverDataSource.getConnection (DriverDataSource.java:138)
    at com.zaxxer.hikari.pool.PoolBase.newConnection (PoolBase.java:353)
    at com.zaxxer.hikari.pool.PoolBase.newPoolEntry (PoolBase.java:201)
    at com.zaxxer.hikari.pool.HikariPool.createPoolEntry (HikariPool.java:473)
    at com.zaxxer.hikari.pool.HikariPool.checkFailFast (HikariPool.java:562)
    at com.zaxxer.hikari.pool.HikariPool.<init> (HikariPool.java:115)
    at com.zaxxer.hikari.HikariDataSource.<init> (HikariDataSource.java:81)
    at huaminglin.demo.jdbc.hikari.HikariJdbcDemo.main (HikariJdbcDemo.java:16)
    at jdk.internal.reflect.NativeMethodAccessorImpl.invoke0 (Native Method)
    at jdk.internal.reflect.NativeMethodAccessorImpl.invoke (NativeMethodAccessorImpl.java:62)
    at jdk.internal.reflect.DelegatingMethodAccessorImpl.invoke (DelegatingMethodAccessorImpl.java:43)
    at java.lang.reflect.Method.invoke (Method.java:566)
    at org.codehaus.mojo.exec.ExecJavaMojo$1.run (ExecJavaMojo.java:282)
    at java.lang.Thread.run (Thread.java:834)
