  .   ____          _            __ _ _
 /\\ / ___'_ __ _ _(_)_ __  __ _ \ \ \ \
( ( )\___ | '_ | '_| | '_ \/ _` | \ \ \ \
 \\/  ___)| |_)| | | | | || (_| |  ) ) ) )
  '  |____| .__|_| |_|_| |_\__, | / / / /
 =========|_|==============|___/=/_/_/_/
 :: Spring Boot ::        (v2.4.4)

2020-10-02 14:02:43.659  INFO 9894 --- [           main] h.demo.quartz.spring.SpringQuartzDemo    : Starting SpringQuartzDemo on myname-MS-7850 with PID 9894 (/home/myname/workspace/java-demo/distributed-demo/spring-quartz-demo/target/classes started by myname in /home/myname/workspace/java-demo/distributed-demo/spring-quartz-demo)
2020-10-02 14:02:43.660  INFO 9894 --- [           main] h.demo.quartz.spring.SpringQuartzDemo    : No active profile set, falling back to default profiles: default
2020-10-02 14:02:44.016  INFO 9894 --- [           main] com.zaxxer.hikari.HikariDataSource       : HikariPool-1 - Starting...
2020-10-02 14:02:44.288  INFO 9894 --- [           main] com.zaxxer.hikari.HikariDataSource       : HikariPool-1 - Start completed.
2020-10-02 14:02:44.764  INFO 9894 --- [           main] org.quartz.impl.StdSchedulerFactory      : Using default implementation for ThreadExecutor
2020-10-02 14:02:44.769  INFO 9894 --- [           main] org.quartz.core.SchedulerSignalerImpl    : Initialized Scheduler Signaller of type: class org.quartz.core.SchedulerSignalerImpl
2020-10-02 14:02:44.769  INFO 9894 --- [           main] org.quartz.core.QuartzScheduler          : Quartz Scheduler v.2.3.2 created.
2020-10-02 14:02:44.770  INFO 9894 --- [           main] o.s.s.quartz.LocalDataSourceJobStore     : Using db table-based data access locking (synchronization).
2020-10-02 14:02:44.771  INFO 9894 --- [           main] o.s.s.quartz.LocalDataSourceJobStore     : JobStoreCMT initialized.
2020-10-02 14:02:44.771  INFO 9894 --- [           main] org.quartz.core.QuartzScheduler          : Scheduler meta-data: Quartz Scheduler (v2.3.2) 'quartzScheduler' with instanceId 'NON_CLUSTERED'
  Scheduler class: 'org.quartz.core.QuartzScheduler' - running locally.
  NOT STARTED.
  Currently in standby mode.
  Number of jobs executed: 0
  Using thread pool 'org.quartz.simpl.SimpleThreadPool' - with 10 threads.
  Using job-store 'org.springframework.scheduling.quartz.LocalDataSourceJobStore' - which supports persistence. and is not clustered.

2020-10-02 14:02:44.772  INFO 9894 --- [           main] org.quartz.impl.StdSchedulerFactory      : Quartz scheduler 'quartzScheduler' initialized from an externally provided properties instance.
2020-10-02 14:02:44.772  INFO 9894 --- [           main] org.quartz.impl.StdSchedulerFactory      : Quartz scheduler version: 2.3.2
2020-10-02 14:02:44.772  INFO 9894 --- [           main] org.quartz.core.QuartzScheduler          : JobFactory set to: org.springframework.scheduling.quartz.SpringBeanJobFactory@5109e8cf
2020-10-02 14:02:44.845  INFO 9894 --- [           main] o.s.s.quartz.SchedulerFactoryBean        : Starting Quartz Scheduler now
2020-10-02 14:02:44.848  INFO 9894 --- [           main] o.s.s.quartz.LocalDataSourceJobStore     : Freed 0 triggers from 'acquired' / 'blocked' state.
2020-10-02 14:02:44.850  INFO 9894 --- [           main] o.s.s.quartz.LocalDataSourceJobStore     : Recovering 0 jobs that were in-progress at the time of the last shut-down.
2020-10-02 14:02:44.850  INFO 9894 --- [           main] o.s.s.quartz.LocalDataSourceJobStore     : Recovery complete.
2020-10-02 14:02:44.850  INFO 9894 --- [           main] o.s.s.quartz.LocalDataSourceJobStore     : Removed 0 'complete' triggers.
2020-10-02 14:02:44.851  INFO 9894 --- [           main] o.s.s.quartz.LocalDataSourceJobStore     : Removed 0 stale fired job entries.
2020-10-02 14:02:44.852  INFO 9894 --- [           main] org.quartz.core.QuartzScheduler          : Scheduler quartzScheduler_$_NON_CLUSTERED started.
2020-10-02 14:02:44.859  INFO 9894 --- [           main] h.demo.quartz.spring.SpringQuartzDemo    : Started SpringQuartzDemo in 1.391 seconds (JVM running for 1.575)
Main Thread exits: 1, main
SampleJob: Fri Oct 02 14:02:44 CST 2020, huaminglin.demo.quartz.spring.SampleJob@552c5cce
SampleJob: Fri Oct 02 14:03:43 CST 2020, huaminglin.demo.quartz.spring.SampleJob@19b4cffb
