/usr/lib/jvm/java-11-openjdk-amd64/bin/java -javaagent:/home/myname/bin/idea-IC-202.6397.94/lib/idea_rt.jar=36231:/home/myname/bin/idea-IC-202.6397.94/bin -Dfile.encoding=UTF-8 -classpath /home/myname/workspace/java-demo/distributed-demo/spring-quartz-demo/target/classes:/home/myname/.m2/repository/org/springframework/boot/spring-boot-starter-quartz/2.3.4.RELEASE/spring-boot-starter-quartz-2.3.4.RELEASE.jar:/home/myname/.m2/repository/org/springframework/boot/spring-boot-starter/2.3.4.RELEASE/spring-boot-starter-2.3.4.RELEASE.jar:/home/myname/.m2/repository/org/springframework/boot/spring-boot/2.3.4.RELEASE/spring-boot-2.3.4.RELEASE.jar:/home/myname/.m2/repository/org/springframework/boot/spring-boot-autoconfigure/2.3.4.RELEASE/spring-boot-autoconfigure-2.3.4.RELEASE.jar:/home/myname/.m2/repository/org/springframework/boot/spring-boot-starter-logging/2.3.4.RELEASE/spring-boot-starter-logging-2.3.4.RELEASE.jar:/home/myname/.m2/repository/ch/qos/logback/logback-classic/1.2.3/logback-classic-1.2.3.jar:/home/myname/.m2/repository/ch/qos/logback/logback-core/1.2.3/logback-core-1.2.3.jar:/home/myname/.m2/repository/org/apache/logging/log4j/log4j-to-slf4j/2.13.3/log4j-to-slf4j-2.13.3.jar:/home/myname/.m2/repository/org/apache/logging/log4j/log4j-api/2.13.3/log4j-api-2.13.3.jar:/home/myname/.m2/repository/org/slf4j/jul-to-slf4j/1.7.30/jul-to-slf4j-1.7.30.jar:/home/myname/.m2/repository/jakarta/annotation/jakarta.annotation-api/1.3.5/jakarta.annotation-api-1.3.5.jar:/home/myname/.m2/repository/org/springframework/spring-core/5.2.9.RELEASE/spring-core-5.2.9.RELEASE.jar:/home/myname/.m2/repository/org/springframework/spring-jcl/5.2.9.RELEASE/spring-jcl-5.2.9.RELEASE.jar:/home/myname/.m2/repository/org/yaml/snakeyaml/1.26/snakeyaml-1.26.jar:/home/myname/.m2/repository/org/springframework/spring-context-support/5.2.9.RELEASE/spring-context-support-5.2.9.RELEASE.jar:/home/myname/.m2/repository/org/springframework/spring-beans/5.2.9.RELEASE/spring-beans-5.2.9.RELEASE.jar:/home/myname/.m2/repository/org/springframework/spring-context/5.2.9.RELEASE/spring-context-5.2.9.RELEASE.jar:/home/myname/.m2/repository/org/springframework/spring-aop/5.2.9.RELEASE/spring-aop-5.2.9.RELEASE.jar:/home/myname/.m2/repository/org/springframework/spring-expression/5.2.9.RELEASE/spring-expression-5.2.9.RELEASE.jar:/home/myname/.m2/repository/org/springframework/spring-tx/5.2.9.RELEASE/spring-tx-5.2.9.RELEASE.jar:/home/myname/.m2/repository/org/quartz-scheduler/quartz/2.3.2/quartz-2.3.2.jar:/home/myname/.m2/repository/com/mchange/mchange-commons-java/0.2.15/mchange-commons-java-0.2.15.jar:/home/myname/.m2/repository/org/slf4j/slf4j-api/1.7.30/slf4j-api-1.7.30.jar huaminglin.demo.quartz.spring.SpringQuartzDemo

  .   ____          _            __ _ _
 /\\ / ___'_ __ _ _(_)_ __  __ _ \ \ \ \
( ( )\___ | '_ | '_| | '_ \/ _` | \ \ \ \
 \\/  ___)| |_)| | | | | || (_| |  ) ) ) )
  '  |____| .__|_| |_|_| |_\__, | / / / /
 =========|_|==============|___/=/_/_/_/
 :: Spring Boot ::        (v2.3.4.RELEASE)

2020-10-01 18:41:31.222  INFO 13094 --- [           main] h.demo.quartz.spring.SpringQuartzDemo    : Starting SpringQuartzDemo on myname-MS-7850 with PID 13094 (/home/myname/workspace/java-demo/distributed-demo/spring-quartz-demo/target/classes started by myname in /home/myname/workspace/java-demo)
2020-10-01 18:41:31.226  INFO 13094 --- [           main] h.demo.quartz.spring.SpringQuartzDemo    : No active profile set, falling back to default profiles: default
2020-10-01 18:41:32.163  INFO 13094 --- [           main] org.quartz.impl.StdSchedulerFactory      : Using default implementation for ThreadExecutor
2020-10-01 18:41:32.178  INFO 13094 --- [           main] org.quartz.core.SchedulerSignalerImpl    : Initialized Scheduler Signaller of type: class org.quartz.core.SchedulerSignalerImpl
2020-10-01 18:41:32.178  INFO 13094 --- [           main] org.quartz.core.QuartzScheduler          : Quartz Scheduler v.2.3.2 created.
2020-10-01 18:41:32.179  INFO 13094 --- [           main] org.quartz.simpl.RAMJobStore             : RAMJobStore initialized.
2020-10-01 18:41:32.180  INFO 13094 --- [           main] org.quartz.core.QuartzScheduler          : Scheduler meta-data: Quartz Scheduler (v2.3.2) 'quartzScheduler' with instanceId 'NON_CLUSTERED'
  Scheduler class: 'org.quartz.core.QuartzScheduler' - running locally.
  NOT STARTED.
  Currently in standby mode.
  Number of jobs executed: 0
  Using thread pool 'org.quartz.simpl.SimpleThreadPool' - with 10 threads.
  Using job-store 'org.quartz.simpl.RAMJobStore' - which does not support persistence. and is not clustered.

2020-10-01 18:41:32.180  INFO 13094 --- [           main] org.quartz.impl.StdSchedulerFactory      : Quartz scheduler 'quartzScheduler' initialized from an externally provided properties instance.
2020-10-01 18:41:32.180  INFO 13094 --- [           main] org.quartz.impl.StdSchedulerFactory      : Quartz scheduler version: 2.3.2
2020-10-01 18:41:32.180  INFO 13094 --- [           main] org.quartz.core.QuartzScheduler          : JobFactory set to: org.springframework.scheduling.quartz.SpringBeanJobFactory@4fad94a7
2020-10-01 18:41:32.220  INFO 13094 --- [           main] o.s.s.quartz.SchedulerFactoryBean        : Starting Quartz Scheduler now
2020-10-01 18:41:32.222  INFO 13094 --- [           main] org.quartz.core.QuartzScheduler          : Scheduler quartzScheduler_$_NON_CLUSTERED started.
2020-10-01 18:41:32.235  INFO 13094 --- [           main] h.demo.quartz.spring.SpringQuartzDemo    : Started SpringQuartzDemo in 1.539 seconds (JVM running for 1.987)
Main Thread exits: 1, main
