org.springframework.boot.context.properties.bind.Name=org.springframework.boot.context.properties.bind.Name
org.springframework.boot.context.properties.bind.Name=org.springframework.boot.context.properties.bind.Name
org.springframework.boot.context.properties.bind.Name=org.springframework.boot.context.properties.bind.Name
org.springframework.boot.context.properties.bind.Name=org.springframework.boot.context.properties.bind.Name
org.springframework.boot.context.properties.bind.Name=org.springframework.boot.context.properties.bind.Name
org.springframework.boot.context.properties.bind.Name=org.springframework.boot.context.properties.bind.Name
org.springframework.boot.context.properties.bind.Name=org.springframework.boot.context.properties.bind.Name
org.springframework.boot.context.properties.bind.Name=org.springframework.boot.context.properties.bind.Name
org.springframework.boot.context.properties.bind.Name=org.springframework.boot.context.properties.bind.Name
org.springframework.boot.context.properties.bind.Name=org.springframework.boot.context.properties.bind.Name
org.springframework.boot.autoconfigure.SpringBootApplication=org.springframework.boot.autoconfigure.SpringBootApplication
org.springframework.boot.autoconfigure.SpringBootApplication=org.springframework.boot.autoconfigure.SpringBootApplication
org.springframework.boot.SpringBootConfiguration=org.springframework.boot.SpringBootConfiguration
org.springframework.boot.SpringBootConfiguration=org.springframework.boot.SpringBootConfiguration
org.springframework.boot.autoconfigure.EnableAutoConfiguration=org.springframework.boot.autoconfigure.EnableAutoConfiguration
org.springframework.boot.autoconfigure.EnableAutoConfiguration=org.springframework.boot.autoconfigure.EnableAutoConfiguration
org.springframework.context.annotation.ComponentScan$Filter=org.springframework.context.annotation.ComponentScan$Filter
org.springframework.context.annotation.ComponentScan$Filter=org.springframework.context.annotation.ComponentScan$Filter
org.springframework.context.annotation.ComponentScan$Filter=org.springframework.context.annotation.ComponentScan$Filter
org.springframework.context.annotation.ComponentScan$Filter=org.springframework.context.annotation.ComponentScan$Filter
org.springframework.context.annotation.ComponentScan=org.springframework.context.annotation.ComponentScan
org.springframework.context.annotation.ComponentScan=org.springframework.context.annotation.ComponentScan
org.springframework.context.annotation.Configuration=org.springframework.context.annotation.Configuration
org.springframework.context.annotation.Configuration=org.springframework.context.annotation.Configuration
org.springframework.boot.autoconfigure.AutoConfigurationPackage=org.springframework.boot.autoconfigure.AutoConfigurationPackage
org.springframework.boot.autoconfigure.AutoConfigurationPackage=org.springframework.boot.autoconfigure.AutoConfigurationPackage
org.springframework.stereotype.Component=org.springframework.stereotype.Component
org.springframework.stereotype.Component=org.springframework.stereotype.Component
org.springframework.stereotype.Component=org.springframework.stereotype.Component
org.springframework.stereotype.Component=org.springframework.stereotype.Component
org.springframework.web.bind.annotation.Mapping=org.springframework.web.bind.annotation.Mapping
org.springframework.web.bind.annotation.Mapping=org.springframework.web.bind.annotation.Mapping
org.springframework.context.annotation.Scope=org.springframework.context.annotation.Scope
org.springframework.context.annotation.Scope=org.springframework.context.annotation.Scope
org.springframework.context.annotation.Bean=org.springframework.context.annotation.Bean
org.springframework.context.annotation.Bean=org.springframework.context.annotation.Bean
org.springframework.context.annotation.Bean=org.springframework.context.annotation.Bean
org.springframework.context.annotation.Bean=org.springframework.context.annotation.Bean
org.springframework.boot.context.properties.ConfigurationProperties=org.springframework.boot.context.properties.ConfigurationProperties
org.springframework.boot.context.properties.ConfigurationProperties=org.springframework.boot.context.properties.ConfigurationProperties
org.springframework.context.annotation.Bean=org.springframework.context.annotation.Bean
org.springframework.context.annotation.Bean=org.springframework.context.annotation.Bean
org.springframework.context.annotation.Bean=org.springframework.context.annotation.Bean
org.springframework.context.annotation.Bean=org.springframework.context.annotation.Bean
org.springframework.context.annotation.Bean=org.springframework.context.annotation.Bean
org.springframework.context.annotation.Bean=org.springframework.context.annotation.Bean
org.springframework.context.annotation.Bean=org.springframework.context.annotation.Bean
org.springframework.context.annotation.Bean=org.springframework.context.annotation.Bean
org.springframework.boot.context.properties.ConfigurationProperties=org.springframework.boot.context.properties.ConfigurationProperties
org.springframework.boot.context.properties.ConfigurationProperties=org.springframework.boot.context.properties.ConfigurationProperties
org.springframework.context.annotation.Bean=org.springframework.context.annotation.Bean
org.springframework.context.annotation.Bean=org.springframework.context.annotation.Bean
org.springframework.context.annotation.Bean=org.springframework.context.annotation.Bean
org.springframework.context.annotation.Bean=org.springframework.context.annotation.Bean
org.springframework.boot.context.properties.ConfigurationProperties=org.springframework.boot.context.properties.ConfigurationProperties
org.springframework.boot.context.properties.ConfigurationProperties=org.springframework.boot.context.properties.ConfigurationProperties
org.springframework.context.annotation.Bean=org.springframework.context.annotation.Bean
org.springframework.context.annotation.Bean=org.springframework.context.annotation.Bean
org.springframework.context.annotation.Bean=org.springframework.context.annotation.Bean
org.springframework.context.annotation.Bean=org.springframework.context.annotation.Bean
org.springframework.context.annotation.Bean=org.springframework.context.annotation.Bean
org.springframework.context.annotation.Bean=org.springframework.context.annotation.Bean
org.springframework.boot.context.properties.ConfigurationProperties=org.springframework.boot.context.properties.ConfigurationProperties
org.springframework.boot.context.properties.ConfigurationProperties=org.springframework.boot.context.properties.ConfigurationProperties
org.springframework.boot.context.properties.ConfigurationProperties=org.springframework.boot.context.properties.ConfigurationProperties
org.springframework.boot.context.properties.ConfigurationProperties=org.springframework.boot.context.properties.ConfigurationProperties
org.springframework.context.annotation.Bean=org.springframework.context.annotation.Bean
org.springframework.context.annotation.Bean=org.springframework.context.annotation.Bean
org.springframework.context.annotation.Bean=org.springframework.context.annotation.Bean
org.springframework.context.annotation.Bean=org.springframework.context.annotation.Bean
org.springframework.context.annotation.Bean=org.springframework.context.annotation.Bean
org.springframework.context.annotation.Bean=org.springframework.context.annotation.Bean
org.springframework.context.annotation.Bean=org.springframework.context.annotation.Bean
org.springframework.context.annotation.Bean=org.springframework.context.annotation.Bean
org.springframework.context.annotation.Bean=org.springframework.context.annotation.Bean
org.springframework.context.annotation.Bean=org.springframework.context.annotation.Bean
org.springframework.context.annotation.Bean=org.springframework.context.annotation.Bean
org.springframework.context.annotation.Bean=org.springframework.context.annotation.Bean
org.springframework.context.annotation.Bean=org.springframework.context.annotation.Bean
org.springframework.context.annotation.Bean=org.springframework.context.annotation.Bean
org.springframework.context.annotation.Bean=org.springframework.context.annotation.Bean
org.springframework.context.annotation.Bean=org.springframework.context.annotation.Bean
org.springframework.context.annotation.Bean=org.springframework.context.annotation.Bean
org.springframework.context.annotation.Bean=org.springframework.context.annotation.Bean
org.springframework.context.annotation.Bean=org.springframework.context.annotation.Bean
org.springframework.context.annotation.Bean=org.springframework.context.annotation.Bean
org.springframework.context.annotation.Bean=org.springframework.context.annotation.Bean
org.springframework.context.annotation.Bean=org.springframework.context.annotation.Bean
org.springframework.context.annotation.Bean=org.springframework.context.annotation.Bean
org.springframework.context.annotation.Bean=org.springframework.context.annotation.Bean
org.springframework.context.annotation.Bean=org.springframework.context.annotation.Bean
org.springframework.context.annotation.Bean=org.springframework.context.annotation.Bean
org.springframework.context.annotation.Bean=org.springframework.context.annotation.Bean
org.springframework.context.annotation.Bean=org.springframework.context.annotation.Bean
org.springframework.context.annotation.Bean=org.springframework.context.annotation.Bean
org.springframework.context.annotation.Bean=org.springframework.context.annotation.Bean
org.springframework.context.annotation.Bean=org.springframework.context.annotation.Bean
org.springframework.context.annotation.Bean=org.springframework.context.annotation.Bean
org.springframework.context.annotation.Bean=org.springframework.context.annotation.Bean
org.springframework.context.annotation.Bean=org.springframework.context.annotation.Bean
org.springframework.context.annotation.Bean=org.springframework.context.annotation.Bean
org.springframework.context.annotation.Bean=org.springframework.context.annotation.Bean
org.springframework.context.annotation.Bean=org.springframework.context.annotation.Bean
org.springframework.context.annotation.Bean=org.springframework.context.annotation.Bean
org.springframework.context.annotation.Bean=org.springframework.context.annotation.Bean
org.springframework.context.annotation.Bean=org.springframework.context.annotation.Bean
org.springframework.context.annotation.Bean=org.springframework.context.annotation.Bean
org.springframework.context.annotation.Bean=org.springframework.context.annotation.Bean
org.springframework.context.annotation.Bean=org.springframework.context.annotation.Bean
org.springframework.context.annotation.Bean=org.springframework.context.annotation.Bean
org.springframework.context.annotation.Bean=org.springframework.context.annotation.Bean
org.springframework.context.annotation.Bean=org.springframework.context.annotation.Bean
org.springframework.context.annotation.Bean=org.springframework.context.annotation.Bean
org.springframework.context.annotation.Bean=org.springframework.context.annotation.Bean
org.springframework.context.annotation.Bean=org.springframework.context.annotation.Bean
org.springframework.context.annotation.Bean=org.springframework.context.annotation.Bean
org.springframework.context.annotation.Bean=org.springframework.context.annotation.Bean
org.springframework.context.annotation.Bean=org.springframework.context.annotation.Bean
org.springframework.context.annotation.Bean=org.springframework.context.annotation.Bean
org.springframework.context.annotation.Bean=org.springframework.context.annotation.Bean
org.springframework.context.annotation.Bean=org.springframework.context.annotation.Bean
org.springframework.context.annotation.Bean=org.springframework.context.annotation.Bean
org.springframework.context.annotation.Bean=org.springframework.context.annotation.Bean
org.springframework.context.annotation.Bean=org.springframework.context.annotation.Bean
org.springframework.context.annotation.Bean=org.springframework.context.annotation.Bean
org.springframework.context.annotation.Bean=org.springframework.context.annotation.Bean
org.springframework.context.annotation.Bean=org.springframework.context.annotation.Bean
org.springframework.context.annotation.Bean=org.springframework.context.annotation.Bean
org.springframework.context.annotation.Bean=org.springframework.context.annotation.Bean
org.springframework.context.annotation.Bean=org.springframework.context.annotation.Bean
org.springframework.context.annotation.Bean=org.springframework.context.annotation.Bean
org.springframework.context.annotation.Bean=org.springframework.context.annotation.Bean
org.springframework.context.annotation.Bean=org.springframework.context.annotation.Bean
org.springframework.context.annotation.Bean=org.springframework.context.annotation.Bean
org.springframework.boot.autoconfigure.web.servlet.ConditionalOnMissingFilterBean=org.springframework.boot.autoconfigure.web.servlet.ConditionalOnMissingFilterBean
org.springframework.boot.autoconfigure.web.servlet.ConditionalOnMissingFilterBean=org.springframework.boot.autoconfigure.web.servlet.ConditionalOnMissingFilterBean
org.springframework.context.annotation.Bean=org.springframework.context.annotation.Bean
org.springframework.context.annotation.Bean=org.springframework.context.annotation.Bean
org.springframework.context.annotation.Bean=org.springframework.context.annotation.Bean
org.springframework.context.annotation.Bean=org.springframework.context.annotation.Bean
org.springframework.boot.context.properties.ConfigurationProperties=org.springframework.boot.context.properties.ConfigurationProperties
org.springframework.boot.context.properties.ConfigurationProperties=org.springframework.boot.context.properties.ConfigurationProperties
org.springframework.boot.context.properties.ConfigurationProperties=org.springframework.boot.context.properties.ConfigurationProperties
org.springframework.boot.context.properties.ConfigurationProperties=org.springframework.boot.context.properties.ConfigurationProperties
org.springframework.context.annotation.Bean=org.springframework.context.annotation.Bean
org.springframework.context.annotation.Bean=org.springframework.context.annotation.Bean
org.springframework.context.annotation.Bean=org.springframework.context.annotation.Bean
org.springframework.context.annotation.Bean=org.springframework.context.annotation.Bean
org.springframework.context.annotation.Bean=org.springframework.context.annotation.Bean
org.springframework.context.annotation.Bean=org.springframework.context.annotation.Bean
org.springframework.context.annotation.Scope=org.springframework.context.annotation.Scope
org.springframework.context.annotation.Scope=org.springframework.context.annotation.Scope
org.springframework.context.annotation.Bean=org.springframework.context.annotation.Bean
org.springframework.context.annotation.Bean=org.springframework.context.annotation.Bean
org.springframework.context.annotation.Bean=org.springframework.context.annotation.Bean
org.springframework.context.annotation.Bean=org.springframework.context.annotation.Bean
org.springframework.context.annotation.Bean=org.springframework.context.annotation.Bean
org.springframework.context.annotation.Bean=org.springframework.context.annotation.Bean
org.springframework.context.annotation.Bean=org.springframework.context.annotation.Bean
org.springframework.context.annotation.Bean=org.springframework.context.annotation.Bean
org.springframework.context.annotation.Bean=org.springframework.context.annotation.Bean
org.springframework.context.annotation.Bean=org.springframework.context.annotation.Bean
org.springframework.boot.context.properties.ConfigurationProperties=org.springframework.boot.context.properties.ConfigurationProperties
org.springframework.boot.context.properties.ConfigurationProperties=org.springframework.boot.context.properties.ConfigurationProperties
org.springframework.context.annotation.Bean=org.springframework.context.annotation.Bean
org.springframework.context.annotation.Bean=org.springframework.context.annotation.Bean
org.springframework.boot.context.properties.ConfigurationProperties=org.springframework.boot.context.properties.ConfigurationProperties
org.springframework.boot.context.properties.ConfigurationProperties=org.springframework.boot.context.properties.ConfigurationProperties
org.springframework.context.annotation.Bean=org.springframework.context.annotation.Bean
org.springframework.context.annotation.Bean=org.springframework.context.annotation.Bean
org.springframework.context.annotation.Bean=org.springframework.context.annotation.Bean
org.springframework.context.annotation.Bean=org.springframework.context.annotation.Bean
org.springframework.context.annotation.Bean=org.springframework.context.annotation.Bean
org.springframework.context.annotation.Bean=org.springframework.context.annotation.Bean
org.springframework.boot.context.properties.ConfigurationProperties=org.springframework.boot.context.properties.ConfigurationProperties
org.springframework.boot.context.properties.ConfigurationProperties=org.springframework.boot.context.properties.ConfigurationProperties
org.springframework.context.annotation.Bean=org.springframework.context.annotation.Bean
org.springframework.context.annotation.Bean=org.springframework.context.annotation.Bean
org.springframework.context.annotation.Bean=org.springframework.context.annotation.Bean
org.springframework.context.annotation.Bean=org.springframework.context.annotation.Bean
org.springframework.context.annotation.Bean=org.springframework.context.annotation.Bean
org.springframework.context.annotation.Bean=org.springframework.context.annotation.Bean
org.springframework.context.annotation.Bean=org.springframework.context.annotation.Bean
org.springframework.context.annotation.Bean=org.springframework.context.annotation.Bean
org.springframework.context.annotation.Bean=org.springframework.context.annotation.Bean
org.springframework.context.annotation.Bean=org.springframework.context.annotation.Bean
org.springframework.context.annotation.Bean=org.springframework.context.annotation.Bean
org.springframework.context.annotation.Bean=org.springframework.context.annotation.Bean
org.springframework.context.annotation.Bean=org.springframework.context.annotation.Bean
org.springframework.context.annotation.Bean=org.springframework.context.annotation.Bean
org.springframework.context.annotation.Bean=org.springframework.context.annotation.Bean
org.springframework.context.annotation.Bean=org.springframework.context.annotation.Bean
org.springframework.boot.context.properties.ConfigurationProperties=org.springframework.boot.context.properties.ConfigurationProperties
org.springframework.boot.context.properties.ConfigurationProperties=org.springframework.boot.context.properties.ConfigurationProperties
org.springframework.context.annotation.Bean=org.springframework.context.annotation.Bean
org.springframework.context.annotation.Bean=org.springframework.context.annotation.Bean
org.springframework.context.annotation.Bean=org.springframework.context.annotation.Bean
org.springframework.context.annotation.Bean=org.springframework.context.annotation.Bean
org.springframework.context.annotation.Bean=org.springframework.context.annotation.Bean
org.springframework.context.annotation.Bean=org.springframework.context.annotation.Bean
org.springframework.context.annotation.Bean=org.springframework.context.annotation.Bean
org.springframework.context.annotation.Bean=org.springframework.context.annotation.Bean
org.springframework.context.annotation.Bean=org.springframework.context.annotation.Bean
org.springframework.context.annotation.Bean=org.springframework.context.annotation.Bean
org.springframework.context.annotation.Bean=org.springframework.context.annotation.Bean
org.springframework.context.annotation.Bean=org.springframework.context.annotation.Bean
org.springframework.boot.context.properties.ConfigurationProperties=org.springframework.boot.context.properties.ConfigurationProperties
org.springframework.boot.context.properties.ConfigurationProperties=org.springframework.boot.context.properties.ConfigurationProperties
org.springframework.boot.context.properties.DeprecatedConfigurationProperty=org.springframework.boot.context.properties.DeprecatedConfigurationProperty
org.springframework.boot.context.properties.DeprecatedConfigurationProperty=org.springframework.boot.context.properties.DeprecatedConfigurationProperty
org.springframework.boot.context.properties.DeprecatedConfigurationProperty=org.springframework.boot.context.properties.DeprecatedConfigurationProperty
org.springframework.boot.context.properties.DeprecatedConfigurationProperty=org.springframework.boot.context.properties.DeprecatedConfigurationProperty
org.springframework.boot.context.properties.DeprecatedConfigurationProperty=org.springframework.boot.context.properties.DeprecatedConfigurationProperty
org.springframework.boot.context.properties.DeprecatedConfigurationProperty=org.springframework.boot.context.properties.DeprecatedConfigurationProperty
org.springframework.boot.context.properties.DeprecatedConfigurationProperty=org.springframework.boot.context.properties.DeprecatedConfigurationProperty
org.springframework.boot.context.properties.DeprecatedConfigurationProperty=org.springframework.boot.context.properties.DeprecatedConfigurationProperty
org.springframework.boot.context.properties.DeprecatedConfigurationProperty=org.springframework.boot.context.properties.DeprecatedConfigurationProperty
org.springframework.boot.context.properties.DeprecatedConfigurationProperty=org.springframework.boot.context.properties.DeprecatedConfigurationProperty
org.springframework.context.annotation.Bean=org.springframework.context.annotation.Bean
org.springframework.context.annotation.Bean=org.springframework.context.annotation.Bean
org.springframework.boot.devtools.restart.RestartScope=org.springframework.boot.devtools.restart.RestartScope
org.springframework.boot.devtools.restart.RestartScope=org.springframework.boot.devtools.restart.RestartScope
org.springframework.context.annotation.Bean=org.springframework.context.annotation.Bean
org.springframework.context.annotation.Bean=org.springframework.context.annotation.Bean
org.springframework.context.annotation.Bean=org.springframework.context.annotation.Bean
org.springframework.context.annotation.Bean=org.springframework.context.annotation.Bean
org.springframework.context.annotation.Configuration=org.springframework.context.annotation.Configuration
org.springframework.context.annotation.Configuration=org.springframework.context.annotation.Configuration
org.springframework.context.annotation.Configuration=org.springframework.context.annotation.Configuration
org.springframework.context.annotation.Configuration=org.springframework.context.annotation.Configuration
org.springframework.context.annotation.Bean=org.springframework.context.annotation.Bean
org.springframework.context.annotation.Bean=org.springframework.context.annotation.Bean
org.springframework.boot.autoconfigure.web.servlet.ConditionalOnMissingFilterBean=org.springframework.boot.autoconfigure.web.servlet.ConditionalOnMissingFilterBean
org.springframework.boot.autoconfigure.web.servlet.ConditionalOnMissingFilterBean=org.springframework.boot.autoconfigure.web.servlet.ConditionalOnMissingFilterBean
org.springframework.context.annotation.Configuration=org.springframework.context.annotation.Configuration
org.springframework.context.annotation.Configuration=org.springframework.context.annotation.Configuration
org.springframework.boot.context.properties.EnableConfigurationProperties=org.springframework.boot.context.properties.EnableConfigurationProperties
org.springframework.boot.context.properties.EnableConfigurationProperties=org.springframework.boot.context.properties.EnableConfigurationProperties
org.springframework.boot.context.properties.NestedConfigurationProperty=org.springframework.boot.context.properties.NestedConfigurationProperty
org.springframework.boot.context.properties.NestedConfigurationProperty=org.springframework.boot.context.properties.NestedConfigurationProperty
org.springframework.boot.context.properties.NestedConfigurationProperty=org.springframework.boot.context.properties.NestedConfigurationProperty
org.springframework.boot.context.properties.NestedConfigurationProperty=org.springframework.boot.context.properties.NestedConfigurationProperty
org.springframework.boot.context.properties.NestedConfigurationProperty=org.springframework.boot.context.properties.NestedConfigurationProperty
org.springframework.boot.context.properties.NestedConfigurationProperty=org.springframework.boot.context.properties.NestedConfigurationProperty
org.springframework.boot.context.properties.NestedConfigurationProperty=org.springframework.boot.context.properties.NestedConfigurationProperty
org.springframework.boot.context.properties.NestedConfigurationProperty=org.springframework.boot.context.properties.NestedConfigurationProperty
org.springframework.beans.factory.annotation.Value=org.springframework.beans.factory.annotation.Value
org.springframework.beans.factory.annotation.Value=org.springframework.beans.factory.annotation.Value
org.springframework.boot.context.properties.NestedConfigurationProperty=org.springframework.boot.context.properties.NestedConfigurationProperty
org.springframework.boot.context.properties.NestedConfigurationProperty=org.springframework.boot.context.properties.NestedConfigurationProperty
org.springframework.boot.context.properties.NestedConfigurationProperty=org.springframework.boot.context.properties.NestedConfigurationProperty
org.springframework.boot.context.properties.NestedConfigurationProperty=org.springframework.boot.context.properties.NestedConfigurationProperty
org.springframework.boot.context.properties.NestedConfigurationProperty=org.springframework.boot.context.properties.NestedConfigurationProperty
org.springframework.boot.context.properties.NestedConfigurationProperty=org.springframework.boot.context.properties.NestedConfigurationProperty
org.springframework.context.annotation.Configuration=org.springframework.context.annotation.Configuration
org.springframework.context.annotation.Configuration=org.springframework.context.annotation.Configuration
org.springframework.context.annotation.Configuration=org.springframework.context.annotation.Configuration
org.springframework.context.annotation.Configuration=org.springframework.context.annotation.Configuration
org.springframework.boot.context.properties.EnableConfigurationProperties=org.springframework.boot.context.properties.EnableConfigurationProperties
org.springframework.boot.context.properties.EnableConfigurationProperties=org.springframework.boot.context.properties.EnableConfigurationProperties
org.springframework.context.annotation.Configuration=org.springframework.context.annotation.Configuration
org.springframework.context.annotation.Configuration=org.springframework.context.annotation.Configuration
org.springframework.boot.autoconfigure.AutoConfigureBefore=org.springframework.boot.autoconfigure.AutoConfigureBefore
org.springframework.boot.autoconfigure.AutoConfigureBefore=org.springframework.boot.autoconfigure.AutoConfigureBefore
org.springframework.boot.context.properties.EnableConfigurationProperties=org.springframework.boot.context.properties.EnableConfigurationProperties
org.springframework.boot.context.properties.EnableConfigurationProperties=org.springframework.boot.context.properties.EnableConfigurationProperties
org.springframework.context.annotation.Configuration=org.springframework.context.annotation.Configuration
org.springframework.context.annotation.Configuration=org.springframework.context.annotation.Configuration
org.springframework.boot.context.properties.EnableConfigurationProperties=org.springframework.boot.context.properties.EnableConfigurationProperties
org.springframework.boot.context.properties.EnableConfigurationProperties=org.springframework.boot.context.properties.EnableConfigurationProperties
org.springframework.context.annotation.Bean=org.springframework.context.annotation.Bean
org.springframework.context.annotation.Bean=org.springframework.context.annotation.Bean
org.springframework.context.annotation.Configuration=org.springframework.context.annotation.Configuration
org.springframework.context.annotation.Configuration=org.springframework.context.annotation.Configuration
org.springframework.boot.context.properties.EnableConfigurationProperties=org.springframework.boot.context.properties.EnableConfigurationProperties
org.springframework.boot.context.properties.EnableConfigurationProperties=org.springframework.boot.context.properties.EnableConfigurationProperties
org.springframework.context.annotation.Configuration=org.springframework.context.annotation.Configuration
org.springframework.context.annotation.Configuration=org.springframework.context.annotation.Configuration
org.springframework.boot.context.properties.EnableConfigurationProperties=org.springframework.boot.context.properties.EnableConfigurationProperties
org.springframework.boot.context.properties.EnableConfigurationProperties=org.springframework.boot.context.properties.EnableConfigurationProperties
