org.springframework.core.annotation.AnnotationsScanner#getDeclaredAnnotations(Ljava/lang/reflect/AnnotatedElement;Z)[Ljava/lang/annotation/Annotation; { id=9593905828161, source=spring-core-5.3.5.jar
    enter.argument.0/java.lang.reflect.AnnotatedElement/arg0=org.springframework.boot.context.ConfigurationWarningsApplicationContextInitializer
    enter.argument.1/boolean/arg1=false
    exit.return: []
}id=9593905828161/9593918903275
org.springframework.core.annotation.AnnotationsScanner#getDeclaredAnnotations(Ljava/lang/reflect/AnnotatedElement;Z)[Ljava/lang/annotation/Annotation; { id=9593944140116, source=spring-core-5.3.5.jar
    enter.argument.0/java.lang.reflect.AnnotatedElement/arg0=org.springframework.context.ApplicationContextInitializer
    enter.argument.1/boolean/arg1=false
    exit.return: []
}id=9593944140116/9593948450354
org.springframework.core.annotation.AnnotationsScanner#getDeclaredAnnotations(Ljava/lang/reflect/AnnotatedElement;Z)[Ljava/lang/annotation/Annotation; { id=9593955035132, source=spring-core-5.3.5.jar
    enter.argument.0/java.lang.reflect.AnnotatedElement/arg0=org.springframework.boot.context.ConfigurationWarningsApplicationContextInitializer
    enter.argument.1/boolean/arg1=false
    exit.return: []
}id=9593955035132/9593955524284
org.springframework.core.annotation.AnnotationsScanner#getDeclaredAnnotations(Ljava/lang/reflect/AnnotatedElement;Z)[Ljava/lang/annotation/Annotation; { id=9593955800430, source=spring-core-5.3.5.jar
    enter.argument.0/java.lang.reflect.AnnotatedElement/arg0=org.springframework.context.ApplicationContextInitializer
    enter.argument.1/boolean/arg1=false
    exit.return: []
}id=9593955800430/9593956130827
org.springframework.core.annotation.AnnotationsScanner#getDeclaredAnnotations(Ljava/lang/reflect/AnnotatedElement;Z)[Ljava/lang/annotation/Annotation; { id=9593958711969, source=spring-core-5.3.5.jar
    enter.argument.0/java.lang.reflect.AnnotatedElement/arg0=org.springframework.boot.devtools.restart.RestartScopeInitializer
    enter.argument.1/boolean/arg1=false
    exit.return: []
}id=9593958711969/9593959095833
org.springframework.core.annotation.AnnotationsScanner#getDeclaredAnnotations(Ljava/lang/reflect/AnnotatedElement;Z)[Ljava/lang/annotation/Annotation; { id=9593959423412, source=spring-core-5.3.5.jar
    enter.argument.0/java.lang.reflect.AnnotatedElement/arg0=org.springframework.context.ApplicationContextInitializer
    enter.argument.1/boolean/arg1=false
    exit.return: []
}id=9593959423412/9593959766682
org.springframework.core.annotation.AnnotationsScanner#getDeclaredAnnotations(Ljava/lang/reflect/AnnotatedElement;Z)[Ljava/lang/annotation/Annotation; { id=9593960029316, source=spring-core-5.3.5.jar
    enter.argument.0/java.lang.reflect.AnnotatedElement/arg0=org.springframework.boot.devtools.restart.RestartScopeInitializer
    enter.argument.1/boolean/arg1=false
    exit.return: []
}id=9593960029316/9593960338873
org.springframework.core.annotation.AnnotationsScanner#getDeclaredAnnotations(Ljava/lang/reflect/AnnotatedElement;Z)[Ljava/lang/annotation/Annotation; { id=9593960587580, source=spring-core-5.3.5.jar
    enter.argument.0/java.lang.reflect.AnnotatedElement/arg0=org.springframework.context.ApplicationContextInitializer
    enter.argument.1/boolean/arg1=false
    exit.return: []
}id=9593960587580/9593960944542
org.springframework.core.annotation.AnnotationsScanner#getDeclaredAnnotations(Ljava/lang/reflect/AnnotatedElement;Z)[Ljava/lang/annotation/Annotation; { id=9593961296417, source=spring-core-5.3.5.jar
    enter.argument.0/java.lang.reflect.AnnotatedElement/arg0=org.springframework.boot.rsocket.context.RSocketPortInfoApplicationContextInitializer
    enter.argument.1/boolean/arg1=false
    exit.return: []
}id=9593961296417/9593961645966
org.springframework.core.annotation.AnnotationsScanner#getDeclaredAnnotations(Ljava/lang/reflect/AnnotatedElement;Z)[Ljava/lang/annotation/Annotation; { id=9593961902847, source=spring-core-5.3.5.jar
    enter.argument.0/java.lang.reflect.AnnotatedElement/arg0=org.springframework.context.ApplicationContextInitializer
    enter.argument.1/boolean/arg1=false
    exit.return: []
}id=9593961902847/9593962225734
org.springframework.core.annotation.AnnotationsScanner#getDeclaredAnnotations(Ljava/lang/reflect/AnnotatedElement;Z)[Ljava/lang/annotation/Annotation; { id=9593962488993, source=spring-core-5.3.5.jar
    enter.argument.0/java.lang.reflect.AnnotatedElement/arg0=org.springframework.boot.rsocket.context.RSocketPortInfoApplicationContextInitializer
    enter.argument.1/boolean/arg1=false
    exit.return: []
}id=9593962488993/9593962801762
org.springframework.core.annotation.AnnotationsScanner#getDeclaredAnnotations(Ljava/lang/reflect/AnnotatedElement;Z)[Ljava/lang/annotation/Annotation; { id=9593963055112, source=spring-core-5.3.5.jar
    enter.argument.0/java.lang.reflect.AnnotatedElement/arg0=org.springframework.context.ApplicationContextInitializer
    enter.argument.1/boolean/arg1=false
    exit.return: []
}id=9593963055112/9593963376818
org.springframework.core.annotation.AnnotationsScanner#getDeclaredAnnotations(Ljava/lang/reflect/AnnotatedElement;Z)[Ljava/lang/annotation/Annotation; { id=9593963679373, source=spring-core-5.3.5.jar
    enter.argument.0/java.lang.reflect.AnnotatedElement/arg0=org.springframework.boot.web.context.ServerPortInfoApplicationContextInitializer
    enter.argument.1/boolean/arg1=false
    exit.return: []
}id=9593963679373/9593963994512
org.springframework.core.annotation.AnnotationsScanner#getDeclaredAnnotations(Ljava/lang/reflect/AnnotatedElement;Z)[Ljava/lang/annotation/Annotation; { id=9593964254216, source=spring-core-5.3.5.jar
    enter.argument.0/java.lang.reflect.AnnotatedElement/arg0=org.springframework.context.ApplicationContextInitializer
    enter.argument.1/boolean/arg1=false
    exit.return: []
}id=9593964254216/9593964568670
org.springframework.core.annotation.AnnotationsScanner#getDeclaredAnnotations(Ljava/lang/reflect/AnnotatedElement;Z)[Ljava/lang/annotation/Annotation; { id=9593964824859, source=spring-core-5.3.5.jar
    enter.argument.0/java.lang.reflect.AnnotatedElement/arg0=org.springframework.context.ApplicationListener
    enter.argument.1/boolean/arg1=false
    exit.return: []
}id=9593964824859/9593965207302
org.springframework.core.annotation.AnnotationsScanner#getDeclaredAnnotations(Ljava/lang/reflect/AnnotatedElement;Z)[Ljava/lang/annotation/Annotation; { id=9593965661848, source=spring-core-5.3.5.jar
    enter.argument.0/java.lang.reflect.AnnotatedElement/arg0=org.springframework.boot.web.context.ServerPortInfoApplicationContextInitializer
    enter.argument.1/boolean/arg1=false
    exit.return: []
}id=9593965661848/9593965975522
org.springframework.core.annotation.AnnotationsScanner#getDeclaredAnnotations(Ljava/lang/reflect/AnnotatedElement;Z)[Ljava/lang/annotation/Annotation; { id=9593966229135, source=spring-core-5.3.5.jar
    enter.argument.0/java.lang.reflect.AnnotatedElement/arg0=org.springframework.context.ApplicationContextInitializer
    enter.argument.1/boolean/arg1=false
    exit.return: []
}id=9593966229135/9593966547800
org.springframework.core.annotation.AnnotationsScanner#getDeclaredAnnotations(Ljava/lang/reflect/AnnotatedElement;Z)[Ljava/lang/annotation/Annotation; { id=9593966925401, source=spring-core-5.3.5.jar
    enter.argument.0/java.lang.reflect.AnnotatedElement/arg0=org.springframework.context.ApplicationListener
    enter.argument.1/boolean/arg1=false
    exit.return: []
}id=9593966925401/9593967237369
org.springframework.core.annotation.AnnotationsScanner#getDeclaredAnnotations(Ljava/lang/reflect/AnnotatedElement;Z)[Ljava/lang/annotation/Annotation; { id=9593967559591, source=spring-core-5.3.5.jar
    enter.argument.0/java.lang.reflect.AnnotatedElement/arg0=org.springframework.boot.autoconfigure.logging.ConditionEvaluationReportLoggingListener
    enter.argument.1/boolean/arg1=false
    exit.return: []
}id=9593967559591/9593967879805
org.springframework.core.annotation.AnnotationsScanner#getDeclaredAnnotations(Ljava/lang/reflect/AnnotatedElement;Z)[Ljava/lang/annotation/Annotation; { id=9593968135193, source=spring-core-5.3.5.jar
    enter.argument.0/java.lang.reflect.AnnotatedElement/arg0=org.springframework.context.ApplicationContextInitializer
    enter.argument.1/boolean/arg1=false
    exit.return: []
}id=9593968135193/9593968448461
org.springframework.core.annotation.AnnotationsScanner#getDeclaredAnnotations(Ljava/lang/reflect/AnnotatedElement;Z)[Ljava/lang/annotation/Annotation; { id=9593968718111, source=spring-core-5.3.5.jar
    enter.argument.0/java.lang.reflect.AnnotatedElement/arg0=org.springframework.boot.autoconfigure.logging.ConditionEvaluationReportLoggingListener
    enter.argument.1/boolean/arg1=false
    exit.return: []
}id=9593968718111/9593969056350
org.springframework.core.annotation.AnnotationsScanner#getDeclaredAnnotations(Ljava/lang/reflect/AnnotatedElement;Z)[Ljava/lang/annotation/Annotation; { id=9593969325276, source=spring-core-5.3.5.jar
    enter.argument.0/java.lang.reflect.AnnotatedElement/arg0=org.springframework.context.ApplicationContextInitializer
    enter.argument.1/boolean/arg1=false
    exit.return: []
}id=9593969325276/9593969664121
org.springframework.core.annotation.AnnotationsScanner#getDeclaredAnnotations(Ljava/lang/reflect/AnnotatedElement;Z)[Ljava/lang/annotation/Annotation; { id=9594072081738, source=spring-core-5.3.5.jar
    enter.argument.0/java.lang.reflect.AnnotatedElement/arg0=org.springframework.boot.devtools.logger.DevToolsLogFactory$Listener
    enter.argument.1/boolean/arg1=false
    exit.return: []
}id=9594072081738/9594072779420
org.springframework.core.annotation.AnnotationsScanner#getDeclaredAnnotations(Ljava/lang/reflect/AnnotatedElement;Z)[Ljava/lang/annotation/Annotation; { id=9594073142781, source=spring-core-5.3.5.jar
    enter.argument.0/java.lang.reflect.AnnotatedElement/arg0=org.springframework.context.ApplicationListener
    enter.argument.1/boolean/arg1=false
    exit.return: []
}id=9594073142781/9594073490564
org.springframework.core.annotation.AnnotationsScanner#getDeclaredAnnotations(Ljava/lang/reflect/AnnotatedElement;Z)[Ljava/lang/annotation/Annotation; { id=9594073851595, source=spring-core-5.3.5.jar
    enter.argument.0/java.lang.reflect.AnnotatedElement/arg0=org.springframework.boot.devtools.logger.DevToolsLogFactory$Listener
    enter.argument.1/boolean/arg1=false
    exit.return: []
}id=9594073851595/9594074218802
org.springframework.core.annotation.AnnotationsScanner#getDeclaredAnnotations(Ljava/lang/reflect/AnnotatedElement;Z)[Ljava/lang/annotation/Annotation; { id=9594074478652, source=spring-core-5.3.5.jar
    enter.argument.0/java.lang.reflect.AnnotatedElement/arg0=org.springframework.context.ApplicationListener
    enter.argument.1/boolean/arg1=false
    exit.return: []
}id=9594074478652/9594074785935
org.springframework.core.annotation.AnnotationsScanner#getDeclaredAnnotations(Ljava/lang/reflect/AnnotatedElement;Z)[Ljava/lang/annotation/Annotation; { id=9594075082847, source=spring-core-5.3.5.jar
    enter.argument.0/java.lang.reflect.AnnotatedElement/arg0=org.springframework.boot.ClearCachesApplicationListener
    enter.argument.1/boolean/arg1=false
    exit.return: []
}id=9594075082847/9594075365357
org.springframework.core.annotation.AnnotationsScanner#getDeclaredAnnotations(Ljava/lang/reflect/AnnotatedElement;Z)[Ljava/lang/annotation/Annotation; { id=9594075595770, source=spring-core-5.3.5.jar
    enter.argument.0/java.lang.reflect.AnnotatedElement/arg0=org.springframework.context.ApplicationListener
    enter.argument.1/boolean/arg1=false
    exit.return: []
}id=9594075595770/9594075877523
org.springframework.core.annotation.AnnotationsScanner#getDeclaredAnnotations(Ljava/lang/reflect/AnnotatedElement;Z)[Ljava/lang/annotation/Annotation; { id=9594076113769, source=spring-core-5.3.5.jar
    enter.argument.0/java.lang.reflect.AnnotatedElement/arg0=org.springframework.boot.ClearCachesApplicationListener
    enter.argument.1/boolean/arg1=false
    exit.return: []
}id=9594076113769/9594076388721
org.springframework.core.annotation.AnnotationsScanner#getDeclaredAnnotations(Ljava/lang/reflect/AnnotatedElement;Z)[Ljava/lang/annotation/Annotation; { id=9594076615838, source=spring-core-5.3.5.jar
    enter.argument.0/java.lang.reflect.AnnotatedElement/arg0=org.springframework.context.ApplicationListener
    enter.argument.1/boolean/arg1=false
    exit.return: []
}id=9594076615838/9594076936116
org.springframework.core.annotation.AnnotationsScanner#getDeclaredAnnotations(Ljava/lang/reflect/AnnotatedElement;Z)[Ljava/lang/annotation/Annotation; { id=9594077273140, source=spring-core-5.3.5.jar
    enter.argument.0/java.lang.reflect.AnnotatedElement/arg0=org.springframework.boot.liquibase.LiquibaseServiceLocatorApplicationListener
    enter.argument.1/boolean/arg1=false
    exit.return: []
}id=9594077273140/9594077555963
org.springframework.core.annotation.AnnotationsScanner#getDeclaredAnnotations(Ljava/lang/reflect/AnnotatedElement;Z)[Ljava/lang/annotation/Annotation; { id=9594077806161, source=spring-core-5.3.5.jar
    enter.argument.0/java.lang.reflect.AnnotatedElement/arg0=org.springframework.context.ApplicationListener
    enter.argument.1/boolean/arg1=false
    exit.return: []
}id=9594077806161/9594078088922
org.springframework.core.annotation.AnnotationsScanner#getDeclaredAnnotations(Ljava/lang/reflect/AnnotatedElement;Z)[Ljava/lang/annotation/Annotation; { id=9594078352990, source=spring-core-5.3.5.jar
    enter.argument.0/java.lang.reflect.AnnotatedElement/arg0=org.springframework.boot.liquibase.LiquibaseServiceLocatorApplicationListener
    enter.argument.1/boolean/arg1=false
    exit.return: []
}id=9594078352990/9594078623815
org.springframework.core.annotation.AnnotationsScanner#getDeclaredAnnotations(Ljava/lang/reflect/AnnotatedElement;Z)[Ljava/lang/annotation/Annotation; { id=9594078865985, source=spring-core-5.3.5.jar
    enter.argument.0/java.lang.reflect.AnnotatedElement/arg0=org.springframework.context.ApplicationListener
    enter.argument.1/boolean/arg1=false
    exit.return: []
}id=9594078865985/9594079193979
org.springframework.core.annotation.AnnotationsScanner#getDeclaredAnnotations(Ljava/lang/reflect/AnnotatedElement;Z)[Ljava/lang/annotation/Annotation; { id=9594079497860, source=spring-core-5.3.5.jar
    enter.argument.0/java.lang.reflect.AnnotatedElement/arg0=org.springframework.boot.autoconfigure.BackgroundPreinitializer
    enter.argument.1/boolean/arg1=false
    exit.return: [{"org.springframework.core.annotation.Order":{"value":-2147483627}}]
}id=9594079497860/9594092804627
org.springframework.core.annotation.AnnotationsScanner#getDeclaredAnnotations(Ljava/lang/reflect/AnnotatedElement;Z)[Ljava/lang/annotation/Annotation; { id=9594123059549, source=spring-core-5.3.5.jar
    enter.argument.0/java.lang.reflect.AnnotatedElement/arg0=java.lang.reflect.Method@4bc6da03
    enter.argument.1/boolean/arg1=false
    exit.return: []
}id=9594123059549/9594123769278
org.springframework.core.annotation.AnnotationsScanner#getDeclaredAnnotations(Ljava/lang/reflect/AnnotatedElement;Z)[Ljava/lang/annotation/Annotation; { id=9594124190501, source=spring-core-5.3.5.jar
    enter.argument.0/java.lang.reflect.AnnotatedElement/arg0=org.springframework.core.annotation.Order
    enter.argument.1/boolean/arg1=false
    exit.return: []
}id=9594124190501/9594124668046
org.springframework.core.annotation.AnnotationsScanner#getDeclaredAnnotations(Ljava/lang/reflect/AnnotatedElement;Z)[Ljava/lang/annotation/Annotation; { id=9594129234947, source=spring-core-5.3.5.jar
    enter.argument.0/java.lang.reflect.AnnotatedElement/arg0=java.lang.reflect.Method@4bc6da03
    enter.argument.1/boolean/arg1=false
    exit.return: []
}id=9594129234947/9594129651791
